[16-Feb-2024 15:33:30 UTC] Cron unschedule event error for hook: wp_update_comment_type_batch, Error code: could_not_set, Error message: The cron event list could not be saved., Data: {"schedule":false,"args":[]}
[20-Feb-2024 20:47:35 UTC] PHP Warning:  Array to string conversion in C:\Users\Hp\Local Sites\first-test-website\app\public\wp-content\themes\test\template-parts\home-page\home-hero.php on line 27
[20-Feb-2024 20:50:58 UTC] Cron reschedule event error for hook: wp_privacy_delete_old_export_files, Error code: could_not_set, Error message: The cron event list could not be saved., Data: {"schedule":"hourly","args":[],"interval":3600}
[21-Feb-2024 19:10:10 UTC] PHP Warning:  Array to string conversion in C:\Users\Hp\Local Sites\first-test-website\app\public\wp-content\themes\test\template-parts\common\services.php on line 30
[21-Feb-2024 19:10:14 UTC] PHP Warning:  Array to string conversion in C:\Users\Hp\Local Sites\first-test-website\app\public\wp-content\themes\test\template-parts\common\services.php on line 30
[22-Feb-2024 13:40:00 UTC] PHP Warning:  Undefined variable $testimonial_card in C:\Users\Hp\Local Sites\first-test-website\app\public\wp-content\themes\test\template-parts\home-page\home-testimonials.php on line 43
[22-Feb-2024 13:40:00 UTC] PHP Warning:  Trying to access array offset on value of type null in C:\Users\Hp\Local Sites\first-test-website\app\public\wp-content\themes\test\template-parts\home-page\home-testimonials.php on line 43
[22-Feb-2024 13:42:00 UTC] PHP Warning:  Undefined variable $testimonial_card in C:\Users\Hp\Local Sites\first-test-website\app\public\wp-content\themes\test\template-parts\home-page\home-testimonials.php on line 44
[22-Feb-2024 13:42:00 UTC] PHP Warning:  Trying to access array offset on value of type null in C:\Users\Hp\Local Sites\first-test-website\app\public\wp-content\themes\test\template-parts\home-page\home-testimonials.php on line 44
[22-Feb-2024 13:43:49 UTC] PHP Warning:  Undefined variable $testimonial_card in C:\Users\Hp\Local Sites\first-test-website\app\public\wp-content\themes\test\template-parts\home-page\home-testimonials.php on line 45
[22-Feb-2024 13:43:49 UTC] PHP Warning:  Trying to access array offset on value of type null in C:\Users\Hp\Local Sites\first-test-website\app\public\wp-content\themes\test\template-parts\home-page\home-testimonials.php on line 45
[22-Feb-2024 13:55:04 UTC] PHP Warning:  Array to string conversion in C:\Users\Hp\Local Sites\first-test-website\app\public\wp-content\themes\test\template-parts\home-page\home-testimonials.php on line 44
[22-Feb-2024 14:53:31 UTC] PHP Warning:  Array to string conversion in C:\Users\Hp\Local Sites\first-test-website\app\public\wp-content\themes\test\template-parts\common\testimonials.php on line 36
[22-Feb-2024 14:53:31 UTC] PHP Warning:  Array to string conversion in C:\Users\Hp\Local Sites\first-test-website\app\public\wp-content\themes\test\template-parts\common\testimonials.php on line 36
[22-Feb-2024 14:55:08 UTC] PHP Warning:  Array to string conversion in C:\Users\Hp\Local Sites\first-test-website\app\public\wp-content\themes\test\template-parts\common\testimonials.php on line 36
[22-Feb-2024 14:55:08 UTC] PHP Warning:  Array to string conversion in C:\Users\Hp\Local Sites\first-test-website\app\public\wp-content\themes\test\template-parts\common\testimonials.php on line 36
[22-Feb-2024 14:55:20 UTC] PHP Warning:  Array to string conversion in C:\Users\Hp\Local Sites\first-test-website\app\public\wp-content\themes\test\template-parts\common\testimonials.php on line 36
[22-Feb-2024 14:55:20 UTC] PHP Warning:  Array to string conversion in C:\Users\Hp\Local Sites\first-test-website\app\public\wp-content\themes\test\template-parts\common\testimonials.php on line 36
[22-Feb-2024 14:56:27 UTC] PHP Warning:  Array to string conversion in C:\Users\Hp\Local Sites\first-test-website\app\public\wp-content\themes\test\template-parts\common\testimonials.php on line 36
[22-Feb-2024 14:56:27 UTC] PHP Warning:  Array to string conversion in C:\Users\Hp\Local Sites\first-test-website\app\public\wp-content\themes\test\template-parts\common\testimonials.php on line 36
[22-Feb-2024 14:57:25 UTC] PHP Warning:  Array to string conversion in C:\Users\Hp\Local Sites\first-test-website\app\public\wp-content\themes\test\template-parts\common\testimonials.php on line 36
[22-Feb-2024 14:57:25 UTC] PHP Warning:  Array to string conversion in C:\Users\Hp\Local Sites\first-test-website\app\public\wp-content\themes\test\template-parts\common\testimonials.php on line 39
[22-Feb-2024 14:57:25 UTC] PHP Warning:  Array to string conversion in C:\Users\Hp\Local Sites\first-test-website\app\public\wp-content\themes\test\template-parts\common\testimonials.php on line 39
[22-Feb-2024 14:57:25 UTC] PHP Warning:  Array to string conversion in C:\Users\Hp\Local Sites\first-test-website\app\public\wp-content\themes\test\template-parts\common\testimonials.php on line 36
[22-Feb-2024 14:57:25 UTC] PHP Warning:  Array to string conversion in C:\Users\Hp\Local Sites\first-test-website\app\public\wp-content\themes\test\template-parts\common\testimonials.php on line 39
[22-Feb-2024 14:57:25 UTC] PHP Warning:  Array to string conversion in C:\Users\Hp\Local Sites\first-test-website\app\public\wp-content\themes\test\template-parts\common\testimonials.php on line 39
[22-Feb-2024 14:57:49 UTC] PHP Warning:  Array to string conversion in C:\Users\Hp\Local Sites\first-test-website\app\public\wp-content\themes\test\template-parts\common\testimonials.php on line 36
[22-Feb-2024 14:57:49 UTC] PHP Warning:  Array to string conversion in C:\Users\Hp\Local Sites\first-test-website\app\public\wp-content\themes\test\template-parts\common\testimonials.php on line 39
[22-Feb-2024 14:57:49 UTC] PHP Warning:  Array to string conversion in C:\Users\Hp\Local Sites\first-test-website\app\public\wp-content\themes\test\template-parts\common\testimonials.php on line 39
[22-Feb-2024 14:57:49 UTC] PHP Warning:  Array to string conversion in C:\Users\Hp\Local Sites\first-test-website\app\public\wp-content\themes\test\template-parts\common\testimonials.php on line 36
[22-Feb-2024 14:57:49 UTC] PHP Warning:  Array to string conversion in C:\Users\Hp\Local Sites\first-test-website\app\public\wp-content\themes\test\template-parts\common\testimonials.php on line 39
[22-Feb-2024 14:57:49 UTC] PHP Warning:  Array to string conversion in C:\Users\Hp\Local Sites\first-test-website\app\public\wp-content\themes\test\template-parts\common\testimonials.php on line 39
[22-Feb-2024 15:00:04 UTC] PHP Warning:  Array to string conversion in C:\Users\Hp\Local Sites\first-test-website\app\public\wp-content\themes\test\template-parts\common\testimonials.php on line 36
[22-Feb-2024 15:00:04 UTC] PHP Warning:  Array to string conversion in C:\Users\Hp\Local Sites\first-test-website\app\public\wp-content\themes\test\template-parts\common\testimonials.php on line 39
[22-Feb-2024 15:00:04 UTC] PHP Warning:  Array to string conversion in C:\Users\Hp\Local Sites\first-test-website\app\public\wp-content\themes\test\template-parts\common\testimonials.php on line 39
[22-Feb-2024 15:00:04 UTC] PHP Warning:  Array to string conversion in C:\Users\Hp\Local Sites\first-test-website\app\public\wp-content\themes\test\template-parts\common\testimonials.php on line 36
[22-Feb-2024 15:00:04 UTC] PHP Warning:  Array to string conversion in C:\Users\Hp\Local Sites\first-test-website\app\public\wp-content\themes\test\template-parts\common\testimonials.php on line 39
[22-Feb-2024 15:00:04 UTC] PHP Warning:  Array to string conversion in C:\Users\Hp\Local Sites\first-test-website\app\public\wp-content\themes\test\template-parts\common\testimonials.php on line 39
[22-Feb-2024 15:00:34 UTC] PHP Warning:  Array to string conversion in C:\Users\Hp\Local Sites\first-test-website\app\public\wp-content\themes\test\template-parts\common\testimonials.php on line 36
[22-Feb-2024 15:00:34 UTC] PHP Warning:  Array to string conversion in C:\Users\Hp\Local Sites\first-test-website\app\public\wp-content\themes\test\template-parts\common\testimonials.php on line 39
[22-Feb-2024 15:00:34 UTC] PHP Warning:  Array to string conversion in C:\Users\Hp\Local Sites\first-test-website\app\public\wp-content\themes\test\template-parts\common\testimonials.php on line 39
[22-Feb-2024 15:00:34 UTC] PHP Warning:  Array to string conversion in C:\Users\Hp\Local Sites\first-test-website\app\public\wp-content\themes\test\template-parts\common\testimonials.php on line 36
[22-Feb-2024 15:00:34 UTC] PHP Warning:  Array to string conversion in C:\Users\Hp\Local Sites\first-test-website\app\public\wp-content\themes\test\template-parts\common\testimonials.php on line 39
[22-Feb-2024 15:00:34 UTC] PHP Warning:  Array to string conversion in C:\Users\Hp\Local Sites\first-test-website\app\public\wp-content\themes\test\template-parts\common\testimonials.php on line 39
[22-Feb-2024 15:02:00 UTC] PHP Warning:  Array to string conversion in C:\Users\Hp\Local Sites\first-test-website\app\public\wp-content\themes\test\template-parts\common\testimonials.php on line 29
[22-Feb-2024 15:02:00 UTC] PHP Warning:  Array to string conversion in C:\Users\Hp\Local Sites\first-test-website\app\public\wp-content\themes\test\template-parts\common\testimonials.php on line 36
[22-Feb-2024 15:02:00 UTC] PHP Warning:  Array to string conversion in C:\Users\Hp\Local Sites\first-test-website\app\public\wp-content\themes\test\template-parts\common\testimonials.php on line 39
[22-Feb-2024 15:02:00 UTC] PHP Warning:  Array to string conversion in C:\Users\Hp\Local Sites\first-test-website\app\public\wp-content\themes\test\template-parts\common\testimonials.php on line 39
[22-Feb-2024 15:02:00 UTC] PHP Warning:  Array to string conversion in C:\Users\Hp\Local Sites\first-test-website\app\public\wp-content\themes\test\template-parts\common\testimonials.php on line 29
[22-Feb-2024 15:02:00 UTC] PHP Warning:  Array to string conversion in C:\Users\Hp\Local Sites\first-test-website\app\public\wp-content\themes\test\template-parts\common\testimonials.php on line 36
[22-Feb-2024 15:02:00 UTC] PHP Warning:  Array to string conversion in C:\Users\Hp\Local Sites\first-test-website\app\public\wp-content\themes\test\template-parts\common\testimonials.php on line 39
[22-Feb-2024 15:02:00 UTC] PHP Warning:  Array to string conversion in C:\Users\Hp\Local Sites\first-test-website\app\public\wp-content\themes\test\template-parts\common\testimonials.php on line 39
[22-Feb-2024 16:40:05 UTC] PHP Warning:  foreach() argument must be of type array|object, null given in C:\Users\Hp\Local Sites\first-test-website\app\public\wp-content\themes\test\template-parts\home-page\home-team.php on line 23
[22-Feb-2024 16:42:53 UTC] PHP Warning:  foreach() argument must be of type array|object, null given in C:\Users\Hp\Local Sites\first-test-website\app\public\wp-content\themes\test\template-parts\home-page\home-team.php on line 23
